

Version:	3.9
CmdLine:	C:\Users\AdminPiland\Documents\GitHub\Island\src\Pi-Island.exe --l4j-debug
WOW64:		yes
Working dir:	C:\Users\AdminPiland\Documents\GitHub\Island\src\.
64-bit search:	SOFTWARE\JavaSoft\Java Runtime Environment...
Check:		SOFTWARE\JavaSoft\Java Runtime Environment\1.8
Ignore:		1.8
Check:		SOFTWARE\JavaSoft\Java Runtime Environment\1.8.0_101
Check launcher:	C:\Program Files\Java\jre1.8.0_101\bin\javaw.exe (OK)
Match:		1.8.0_101
64-bit search:	SOFTWARE\JavaSoft\Java Development Kit...
Check:		SOFTWARE\JavaSoft\Java Development Kit\1.8
Ignore:		1.8
Check:		SOFTWARE\JavaSoft\Java Development Kit\1.8.0_101
Ignore:		1.8.0_101
Runtime used:	1.8.0_101 (64-bit)
Launcher:	C:\Program Files\Java\jre1.8.0_101\bin\javaw.exe
Launcher args:	-jar "C:\Users\AdminPiland\Documents\GitHub\Island\src\Pi-Island.exe"
Args length:	69/32768 chars
Exit code:	0


Version:	3.9
CmdLine:	C:\Users\AdminPiland\Documents\GitHub\Island\src\Pi-Island.exe --l4j-debug
WOW64:		yes
Working dir:	C:\Users\AdminPiland\Documents\GitHub\Island\src\.
64-bit search:	SOFTWARE\JavaSoft\Java Runtime Environment...
Check:		SOFTWARE\JavaSoft\Java Runtime Environment\1.8
Ignore:		1.8
Check:		SOFTWARE\JavaSoft\Java Runtime Environment\1.8.0_101
Check launcher:	C:\Program Files\Java\jre1.8.0_101\bin\javaw.exe (OK)
Match:		1.8.0_101
64-bit search:	SOFTWARE\JavaSoft\Java Development Kit...
Check:		SOFTWARE\JavaSoft\Java Development Kit\1.8
Ignore:		1.8
Check:		SOFTWARE\JavaSoft\Java Development Kit\1.8.0_101
Ignore:		1.8.0_101
Runtime used:	1.8.0_101 (64-bit)
Launcher:	C:\Program Files\Java\jre1.8.0_101\bin\javaw.exe
Launcher args:	-jar "C:\Users\AdminPiland\Documents\GitHub\Island\src\Pi-Island.exe"
Args length:	69/32768 chars
Exit code:	0


Version:	3.9
CmdLine:	C:\Users\AdminPiland\Documents\GitHub\Island\src\Pi-Island.exe --l4j-debug
WOW64:		yes
Working dir:	C:\Users\AdminPiland\Documents\GitHub\Island\src\.
64-bit search:	SOFTWARE\JavaSoft\Java Runtime Environment...
Check:		SOFTWARE\JavaSoft\Java Runtime Environment\1.8
Ignore:		1.8
Check:		SOFTWARE\JavaSoft\Java Runtime Environment\1.8.0_101
Check launcher:	C:\Program Files\Java\jre1.8.0_101\bin\javaw.exe (OK)
Match:		1.8.0_101
64-bit search:	SOFTWARE\JavaSoft\Java Development Kit...
Check:		SOFTWARE\JavaSoft\Java Development Kit\1.8
Ignore:		1.8
Check:		SOFTWARE\JavaSoft\Java Development Kit\1.8.0_101
Ignore:		1.8.0_101
Runtime used:	1.8.0_101 (64-bit)
Launcher:	C:\Program Files\Java\jre1.8.0_101\bin\javaw.exe
Launcher args:	-jar "C:\Users\AdminPiland\Documents\GitHub\Island\src\Pi-Island.exe"
Args length:	69/32768 chars
Exit code:	0


Version:	3.9
CmdLine:	C:\Users\AdminPiland\Documents\GitHub\Island\src\Pi-Island.exe --l4j-debug
WOW64:		yes
Working dir:	C:\Users\AdminPiland\Documents\GitHub\Island\src\.
64-bit search:	SOFTWARE\JavaSoft\Java Runtime Environment...
Check:		SOFTWARE\JavaSoft\Java Runtime Environment\1.8
Ignore:		1.8
Check:		SOFTWARE\JavaSoft\Java Runtime Environment\1.8.0_101
Check launcher:	C:\Program Files\Java\jre1.8.0_101\bin\javaw.exe (OK)
Match:		1.8.0_101
64-bit search:	SOFTWARE\JavaSoft\Java Development Kit...
Check:		SOFTWARE\JavaSoft\Java Development Kit\1.8
Ignore:		1.8
Check:		SOFTWARE\JavaSoft\Java Development Kit\1.8.0_101
Ignore:		1.8.0_101
Runtime used:	1.8.0_101 (64-bit)
Launcher:	C:\Program Files\Java\jre1.8.0_101\bin\javaw.exe
Launcher args:	-jar "C:\Users\AdminPiland\Documents\GitHub\Island\src\Pi-Island.exe"
Args length:	69/32768 chars
Exit code:	0


Version:	3.9
CmdLine:	C:\Users\AdminPiland\Documents\GitHub\Island\src\Pi-Island.exe --l4j-debug
WOW64:		yes
Working dir:	C:\Users\AdminPiland\Documents\GitHub\Island\src\.
64-bit search:	SOFTWARE\JavaSoft\Java Runtime Environment...
Check:		SOFTWARE\JavaSoft\Java Runtime Environment\1.8
Ignore:		1.8
Check:		SOFTWARE\JavaSoft\Java Runtime Environment\1.8.0_101
Check launcher:	C:\Program Files\Java\jre1.8.0_101\bin\javaw.exe (OK)
Match:		1.8.0_101
64-bit search:	SOFTWARE\JavaSoft\Java Development Kit...
Check:		SOFTWARE\JavaSoft\Java Development Kit\1.8
Ignore:		1.8
Check:		SOFTWARE\JavaSoft\Java Development Kit\1.8.0_101
Ignore:		1.8.0_101
Runtime used:	1.8.0_101 (64-bit)
Launcher:	C:\Program Files\Java\jre1.8.0_101\bin\javaw.exe
Launcher args:	-jar "C:\Users\AdminPiland\Documents\GitHub\Island\src\Pi-Island.exe"
Args length:	69/32768 chars
Exit code:	0


Version:	3.9
CmdLine:	C:\Users\AdminPiland\Documents\GitHub\Island\src\Pi-Island.exe --l4j-debug
WOW64:		yes
Working dir:	C:\Users\AdminPiland\Documents\GitHub\Island\src\.
64-bit search:	SOFTWARE\JavaSoft\Java Runtime Environment...
Check:		SOFTWARE\JavaSoft\Java Runtime Environment\1.8
Ignore:		1.8
Check:		SOFTWARE\JavaSoft\Java Runtime Environment\1.8.0_101
Check launcher:	C:\Program Files\Java\jre1.8.0_101\bin\javaw.exe (OK)
Match:		1.8.0_101
64-bit search:	SOFTWARE\JavaSoft\Java Development Kit...
Check:		SOFTWARE\JavaSoft\Java Development Kit\1.8
Ignore:		1.8
Check:		SOFTWARE\JavaSoft\Java Development Kit\1.8.0_101
Ignore:		1.8.0_101
Runtime used:	1.8.0_101 (64-bit)
Launcher:	C:\Program Files\Java\jre1.8.0_101\bin\javaw.exe
Launcher args:	-jar "C:\Users\AdminPiland\Documents\GitHub\Island\src\Pi-Island.exe"
Args length:	69/32768 chars
Exit code:	0


Version:	3.9
CmdLine:	C:\Users\AdminPiland\Documents\GitHub\Island\src\Pi-Island.exe --l4j-debug
WOW64:		yes
Working dir:	C:\Users\AdminPiland\Documents\GitHub\Island\src\.
64-bit search:	SOFTWARE\JavaSoft\Java Runtime Environment...
Check:		SOFTWARE\JavaSoft\Java Runtime Environment\1.8
Ignore:		1.8
Check:		SOFTWARE\JavaSoft\Java Runtime Environment\1.8.0_101
Check launcher:	C:\Program Files\Java\jre1.8.0_101\bin\javaw.exe (OK)
Match:		1.8.0_101
64-bit search:	SOFTWARE\JavaSoft\Java Development Kit...
Check:		SOFTWARE\JavaSoft\Java Development Kit\1.8
Ignore:		1.8
Check:		SOFTWARE\JavaSoft\Java Development Kit\1.8.0_101
Ignore:		1.8.0_101
Runtime used:	1.8.0_101 (64-bit)
Launcher:	C:\Program Files\Java\jre1.8.0_101\bin\javaw.exe
Launcher args:	-jar "C:\Users\AdminPiland\Documents\GitHub\Island\src\Pi-Island.exe"
Args length:	69/32768 chars
Exit code:	0


Version:	3.9
CmdLine:	C:\Users\AdminPiland\Documents\GitHub\Island\src\Pi-Island.exe --l4j-debug
WOW64:		yes
Working dir:	C:\Users\AdminPiland\Documents\GitHub\Island\src\.
64-bit search:	SOFTWARE\JavaSoft\Java Runtime Environment...
Check:		SOFTWARE\JavaSoft\Java Runtime Environment\1.8
Ignore:		1.8
Check:		SOFTWARE\JavaSoft\Java Runtime Environment\1.8.0_101
Check launcher:	C:\Program Files\Java\jre1.8.0_101\bin\javaw.exe (OK)
Match:		1.8.0_101
64-bit search:	SOFTWARE\JavaSoft\Java Development Kit...
Check:		SOFTWARE\JavaSoft\Java Development Kit\1.8
Ignore:		1.8
Check:		SOFTWARE\JavaSoft\Java Development Kit\1.8.0_101
Ignore:		1.8.0_101
Runtime used:	1.8.0_101 (64-bit)
Launcher:	C:\Program Files\Java\jre1.8.0_101\bin\javaw.exe
Launcher args:	-jar "C:\Users\AdminPiland\Documents\GitHub\Island\src\Pi-Island.exe"
Args length:	69/32768 chars
Exit code:	0


Version:	3.9
CmdLine:	C:\Users\AdminPiland\Documents\GitHub\Island\src\Pi-Island.exe --l4j-debug
WOW64:		yes
Working dir:	C:\Users\AdminPiland\Documents\GitHub\Island\src\.
64-bit search:	SOFTWARE\JavaSoft\Java Runtime Environment...
Check:		SOFTWARE\JavaSoft\Java Runtime Environment\1.8
Ignore:		1.8
Check:		SOFTWARE\JavaSoft\Java Runtime Environment\1.8.0_101
Check launcher:	C:\Program Files\Java\jre1.8.0_101\bin\javaw.exe (OK)
Match:		1.8.0_101
64-bit search:	SOFTWARE\JavaSoft\Java Development Kit...
Check:		SOFTWARE\JavaSoft\Java Development Kit\1.8
Ignore:		1.8
Check:		SOFTWARE\JavaSoft\Java Development Kit\1.8.0_101
Ignore:		1.8.0_101
Runtime used:	1.8.0_101 (64-bit)
Launcher:	C:\Program Files\Java\jre1.8.0_101\bin\javaw.exe
Launcher args:	-jar "C:\Users\AdminPiland\Documents\GitHub\Island\src\Pi-Island.exe"
Args length:	69/32768 chars
Exit code:	0


Version:	3.9
CmdLine:	C:\Users\AdminPiland\Documents\GitHub\Island\src\Pi-Island.exe --l4j-debug
WOW64:		yes
Working dir:	C:\Users\AdminPiland\Documents\GitHub\Island\src\.
64-bit search:	SOFTWARE\JavaSoft\Java Runtime Environment...
Check:		SOFTWARE\JavaSoft\Java Runtime Environment\1.8
Ignore:		1.8
Check:		SOFTWARE\JavaSoft\Java Runtime Environment\1.8.0_101
Check launcher:	C:\Program Files\Java\jre1.8.0_101\bin\javaw.exe (OK)
Match:		1.8.0_101
64-bit search:	SOFTWARE\JavaSoft\Java Development Kit...
Check:		SOFTWARE\JavaSoft\Java Development Kit\1.8
Ignore:		1.8
Check:		SOFTWARE\JavaSoft\Java Development Kit\1.8.0_101
Ignore:		1.8.0_101
Runtime used:	1.8.0_101 (64-bit)
Launcher:	C:\Program Files\Java\jre1.8.0_101\bin\javaw.exe
Launcher args:	-jar "C:\Users\AdminPiland\Documents\GitHub\Island\src\Pi-Island.exe"
Args length:	69/32768 chars
Exit code:	0


Version:	3.9
CmdLine:	C:\Users\AdminPiland\Documents\GitHub\Island\src\Pi-Island.exe --l4j-debug
WOW64:		yes
Working dir:	C:\Users\AdminPiland\Documents\GitHub\Island\src\.
64-bit search:	SOFTWARE\JavaSoft\Java Runtime Environment...
Check:		SOFTWARE\JavaSoft\Java Runtime Environment\1.8
Ignore:		1.8
Check:		SOFTWARE\JavaSoft\Java Runtime Environment\1.8.0_101
Check launcher:	C:\Program Files\Java\jre1.8.0_101\bin\javaw.exe (OK)
Match:		1.8.0_101
64-bit search:	SOFTWARE\JavaSoft\Java Development Kit...
Check:		SOFTWARE\JavaSoft\Java Development Kit\1.8
Ignore:		1.8
Check:		SOFTWARE\JavaSoft\Java Development Kit\1.8.0_101
Ignore:		1.8.0_101
Runtime used:	1.8.0_101 (64-bit)
Launcher:	C:\Program Files\Java\jre1.8.0_101\bin\javaw.exe
Launcher args:	-jar "C:\Users\AdminPiland\Documents\GitHub\Island\src\Pi-Island.exe"
Args length:	69/32768 chars
Exit code:	0


Version:	3.9
CmdLine:	C:\Users\AdminPiland\Documents\GitHub\Island\src\Pi-Island.exe --l4j-debug
WOW64:		yes
Working dir:	C:\Users\AdminPiland\Documents\GitHub\Island\src\.
64-bit search:	SOFTWARE\JavaSoft\Java Runtime Environment...
Check:		SOFTWARE\JavaSoft\Java Runtime Environment\1.8
Ignore:		1.8
Check:		SOFTWARE\JavaSoft\Java Runtime Environment\1.8.0_101
Check launcher:	C:\Program Files\Java\jre1.8.0_101\bin\javaw.exe (OK)
Match:		1.8.0_101
64-bit search:	SOFTWARE\JavaSoft\Java Development Kit...
Check:		SOFTWARE\JavaSoft\Java Development Kit\1.8
Ignore:		1.8
Check:		SOFTWARE\JavaSoft\Java Development Kit\1.8.0_101
Ignore:		1.8.0_101
Runtime used:	1.8.0_101 (64-bit)
Launcher:	C:\Program Files\Java\jre1.8.0_101\bin\javaw.exe
Launcher args:	-jar "C:\Users\AdminPiland\Documents\GitHub\Island\src\Pi-Island.exe"
Args length:	69/32768 chars
Exit code:	0


Version:	3.9
CmdLine:	C:\Users\AdminPiland\Documents\GitHub\Island\src\Pi-Island.exe --l4j-debug
WOW64:		yes
Working dir:	C:\Users\AdminPiland\Documents\GitHub\Island\src\.
64-bit search:	SOFTWARE\JavaSoft\Java Runtime Environment...
Check:		SOFTWARE\JavaSoft\Java Runtime Environment\1.8
Ignore:		1.8
Check:		SOFTWARE\JavaSoft\Java Runtime Environment\1.8.0_101
Check launcher:	C:\Program Files\Java\jre1.8.0_101\bin\javaw.exe (OK)
Match:		1.8.0_101
64-bit search:	SOFTWARE\JavaSoft\Java Development Kit...
Check:		SOFTWARE\JavaSoft\Java Development Kit\1.8
Ignore:		1.8
Check:		SOFTWARE\JavaSoft\Java Development Kit\1.8.0_101
Ignore:		1.8.0_101
Runtime used:	1.8.0_101 (64-bit)
Launcher:	C:\Program Files\Java\jre1.8.0_101\bin\javaw.exe
Launcher args:	-jar "C:\Users\AdminPiland\Documents\GitHub\Island\src\Pi-Island.exe"
Args length:	69/32768 chars
Exit code:	0


Version:	3.9
CmdLine:	C:\Users\AdminPiland\Documents\GitHub\Island\src\Pi-Island.exe --l4j-debug
WOW64:		yes
Working dir:	C:\Users\AdminPiland\Documents\GitHub\Island\src\.
64-bit search:	SOFTWARE\JavaSoft\Java Runtime Environment...
Check:		SOFTWARE\JavaSoft\Java Runtime Environment\1.8
Ignore:		1.8
Check:		SOFTWARE\JavaSoft\Java Runtime Environment\1.8.0_101
Check launcher:	C:\Program Files\Java\jre1.8.0_101\bin\javaw.exe (OK)
Match:		1.8.0_101
64-bit search:	SOFTWARE\JavaSoft\Java Development Kit...
Check:		SOFTWARE\JavaSoft\Java Development Kit\1.8
Ignore:		1.8
Check:		SOFTWARE\JavaSoft\Java Development Kit\1.8.0_101
Ignore:		1.8.0_101
Runtime used:	1.8.0_101 (64-bit)
Launcher:	C:\Program Files\Java\jre1.8.0_101\bin\javaw.exe
Launcher args:	-jar "C:\Users\AdminPiland\Documents\GitHub\Island\src\Pi-Island.exe"
Args length:	69/32768 chars
Exit code:	0
